{
  "stats": {
    "suites": 1,
    "tests": 1,
    "passes": 0,
    "pending": 0,
    "failures": 1,
    "start": "2021-02-16T12:01:11.823Z",
    "end": "2021-02-16T12:01:18.548Z",
    "duration": 6725,
    "testsRegistered": 1,
    "passPercent": 0,
    "pendingPercent": 0,
    "other": 0,
    "hasOther": false,
    "skipped": 0,
    "hasSkipped": false
  },
  "results": [
    {
      "uuid": "06d03867-0c9d-49aa-a39d-a6df29c28566",
      "title": "",
      "fullFile": "cypress\\integration\\myTests\\sample_spec.js",
      "file": "cypress\\integration\\myTests\\sample_spec.js",
      "beforeHooks": [],
      "afterHooks": [],
      "tests": [],
      "suites": [
        {
          "uuid": "edce72b0-df0c-4748-8b08-d680bc4d8597",
          "title": "My First Test",
          "fullFile": "",
          "file": "",
          "beforeHooks": [],
          "afterHooks": [],
          "tests": [
            {
              "title": "Visits the Kitchen Sink",
              "fullTitle": "My First Test Visits the Kitchen Sink",
              "timedOut": null,
              "duration": 6625,
              "state": "failed",
              "speed": null,
              "pass": false,
              "fail": true,
              "pending": false,
              "context": null,
              "code": "cy.visit('/');\ncy.contains('type').click(); // Should be on a new URL which includes '/commands/actions'\ncy.url().should('include', '/commands/actions'); // Get an input, type into it and verify that the value has been updated\ncy.get('.action-email').type('fake@email.com').should('have.value', 'fake@emaildf.com');",
              "err": {
                "message": "AssertionError: Timed out retrying after 4000ms: expected '<input#email1.form-control.action-email>' to have value 'fake@emaildf.com', but the value was 'fake@email.com'",
                "estack": "AssertionError: Timed out retrying after 4000ms: expected '<input#email1.form-control.action-email>' to have value 'fake@emaildf.com', but the value was 'fake@email.com'\n    at Context.eval (https://example.cypress.io/__cypress/tests?p=cypress\\integration\\myTests\\sample_spec.js:106:52)",
                "diff": "- 'fake@email.com'\n+ 'fake@emaildf.com'\n"
              },
              "uuid": "e95d080d-da08-486e-86e9-099f36955361",
              "parentUUID": "edce72b0-df0c-4748-8b08-d680bc4d8597",
              "isHook": false,
              "skipped": false
            }
          ],
          "suites": [],
          "passes": [],
          "failures": [
            "e95d080d-da08-486e-86e9-099f36955361"
          ],
          "pending": [],
          "skipped": [],
          "duration": 6625,
          "root": false,
          "rootEmpty": false,
          "_timeout": 2000
        }
      ],
      "passes": [],
      "failures": [],
      "pending": [],
      "skipped": [],
      "duration": 0,
      "root": true,
      "rootEmpty": true,
      "_timeout": 2000
    }
  ],
  "meta": {
    "mocha": {
      "version": "7.0.1"
    },
    "mochawesome": {
      "options": {
        "quiet": false,
        "reportFilename": "report",
        "saveHtml": false,
        "saveJson": true,
        "consoleReporter": "spec",
        "useInlineDiffs": false,
        "code": true
      },
      "version": "6.2.1"
    },
    "marge": {
      "options": {
        "reportDir": "cypress/reports/mochawesome-report",
        "reportFilename": "report",
        "overwrite": false,
        "html": false,
        "json": true,
        "charts": false
      },
      "version": "5.1.0"
    }
  }
}