{
  "stats": {
    "suites": 1,
    "tests": 2,
    "passes": 0,
    "pending": 0,
    "failures": 2,
    "start": "2021-05-05T10:39:21.400Z",
    "end": "2021-05-05T10:39:32.205Z",
    "duration": 10805,
    "testsRegistered": 2,
    "passPercent": 0,
    "pendingPercent": 0,
    "other": 0,
    "hasOther": false,
    "skipped": 0,
    "hasSkipped": false
  },
  "results": [
    {
      "uuid": "b0c0aa2b-c2a1-48cb-bcc6-8d7eec4bc7ed",
      "title": "",
      "fullFile": "cypress/integration/myTests/sample_spec.js",
      "file": "cypress/integration/myTests/sample_spec.js",
      "beforeHooks": [],
      "afterHooks": [],
      "tests": [],
      "suites": [
        {
          "uuid": "891683f1-2329-43b3-88ab-b559a3f0b99f",
          "title": "My First Test",
          "fullFile": "",
          "file": "",
          "beforeHooks": [],
          "afterHooks": [],
          "tests": [
            {
              "title": "Visits the Kitchen Sink",
              "fullTitle": "My First Test Visits the Kitchen Sink",
              "timedOut": null,
              "duration": 5385,
              "state": "failed",
              "speed": null,
              "pass": false,
              "fail": true,
              "pending": false,
              "context": null,
              "code": "cy.visit('/');\ncy.contains('type').click(); // Should be on a new URL which includes '/commands/actions'\ncy.url().should('include', '/commands/actions'); // Get an input, type into it and verify that the value has been updated\ncy.get('.action-email').type('fake@email.com').should('have.value', 'fake@emaildf.com');",
              "err": {
                "message": "AssertionError: Timed out retrying after 4000ms: expected 'https://brd-u.github.io/#/' to include '/commands/actions'",
                "estack": "AssertionError: Timed out retrying after 4000ms: expected 'https://brd-u.github.io/#/' to include '/commands/actions'\n    at Context.eval (https://brd-u.github.io/__cypress/tests?p=cypress\\integration\\myTests\\sample_spec.js:104:14)",
                "diff": null
              },
              "uuid": "aa1badb0-818b-4eb5-917d-77a89c169c3c",
              "parentUUID": "891683f1-2329-43b3-88ab-b559a3f0b99f",
              "isHook": false,
              "skipped": false
            },
            {
              "title": "Visits the Kitchen Sink pause",
              "fullTitle": "My First Test Visits the Kitchen Sink pause",
              "timedOut": null,
              "duration": 5357,
              "state": "failed",
              "speed": null,
              "pass": false,
              "fail": true,
              "pending": false,
              "context": null,
              "code": "cy.visit('/');\ncy.pause();\ncy.contains('type').click(); // Should be on a new URL which includes '/commands/actions'\ncy.url().should('include', '/commands/actions'); // Get an input, type into it and verify that the value has been updated\ncy.get('.action-email').type('fake@email.com').should('have.value', 'fake@emaildf.com');",
              "err": {
                "message": "AssertionError: Timed out retrying after 4000ms: expected 'https://brd-u.github.io/#/' to include '/commands/actions'",
                "estack": "AssertionError: Timed out retrying after 4000ms: expected 'https://brd-u.github.io/#/' to include '/commands/actions'\n    at Context.eval (https://brd-u.github.io/__cypress/tests?p=cypress\\integration\\myTests\\sample_spec.js:113:14)",
                "diff": null
              },
              "uuid": "f74e920a-264c-4ede-bad6-e0f06f281492",
              "parentUUID": "891683f1-2329-43b3-88ab-b559a3f0b99f",
              "isHook": false,
              "skipped": false
            }
          ],
          "suites": [],
          "passes": [],
          "failures": [
            "aa1badb0-818b-4eb5-917d-77a89c169c3c",
            "f74e920a-264c-4ede-bad6-e0f06f281492"
          ],
          "pending": [],
          "skipped": [],
          "duration": 10742,
          "root": false,
          "rootEmpty": false,
          "_timeout": 2000
        }
      ],
      "passes": [],
      "failures": [],
      "pending": [],
      "skipped": [],
      "duration": 0,
      "root": true,
      "rootEmpty": true,
      "_timeout": 2000
    }
  ],
  "meta": {
    "mocha": {
      "version": "7.0.1"
    },
    "mochawesome": {
      "options": {
        "quiet": false,
        "reportFilename": "report",
        "saveHtml": false,
        "saveJson": true,
        "consoleReporter": "spec",
        "useInlineDiffs": false,
        "code": true
      },
      "version": "6.2.1"
    },
    "marge": {
      "options": {
        "reportDir": "cypress/reports/mochawesome-report",
        "reportFilename": "report",
        "overwrite": false,
        "html": false,
        "json": true,
        "charts": false
      },
      "version": "5.1.0"
    }
  }
}