{
  "stats": {
    "suites": 1,
    "tests": 1,
    "passes": 0,
    "pending": 0,
    "failures": 1,
    "start": "2021-05-05T10:39:35.960Z",
    "end": "2021-05-05T10:39:36.233Z",
    "duration": 273,
    "testsRegistered": 1,
    "passPercent": 0,
    "pendingPercent": 0,
    "other": 0,
    "hasOther": false,
    "skipped": 0,
    "hasSkipped": false
  },
  "results": [
    {
      "uuid": "c6de7869-69a5-49b1-b3b7-f050c8e47124",
      "title": "",
      "fullFile": "cypress/integration/user/logging-in_credentials_spec.js",
      "file": "cypress/integration/user/logging-in_credentials_spec.js",
      "beforeHooks": [],
      "afterHooks": [],
      "tests": [],
      "suites": [
        {
          "uuid": "74e01c32-35b8-4813-ad32-f875ea768e75",
          "title": "Logging in credentials",
          "fullFile": "",
          "file": "",
          "beforeHooks": [],
          "afterHooks": [],
          "tests": [
            {
              "title": "log in using cy.request",
              "fullTitle": "Logging in credentials log in using cy.request",
              "timedOut": null,
              "duration": 227,
              "state": "failed",
              "speed": null,
              "pass": false,
              "fail": true,
              "pending": false,
              "context": null,
              "code": "cy.visit('/');\ncy.get('app-menu-item').contains('Logowanie').should('not.exist');\ncy.get('app-menu-item').contains('Rejestracja').should('not.exist');",
              "err": {
                "message": "Error: Missing password or user mail value!\n\nBecause this error occurred during a `before each` hook we are skipping the remaining tests in the current suite: `Logging in credentials`",
                "estack": "Error: Missing password or user mail value!\n\nBecause this error occurred during a `before each` hook we are skipping the remaining tests in the current suite: `Logging in credentials`\n    at Context.eval (https://brd-u.github.io/__cypress/tests?p=cypress\\support\\index.js:104:11)",
                "diff": null
              },
              "uuid": "4fca4657-3edf-42ff-9a03-0f53a579201b",
              "parentUUID": "74e01c32-35b8-4813-ad32-f875ea768e75",
              "isHook": false,
              "skipped": false
            }
          ],
          "suites": [],
          "passes": [],
          "failures": [
            "4fca4657-3edf-42ff-9a03-0f53a579201b"
          ],
          "pending": [],
          "skipped": [],
          "duration": 227,
          "root": false,
          "rootEmpty": false,
          "_timeout": 2000
        }
      ],
      "passes": [],
      "failures": [],
      "pending": [],
      "skipped": [],
      "duration": 0,
      "root": true,
      "rootEmpty": true,
      "_timeout": 2000
    }
  ],
  "meta": {
    "mocha": {
      "version": "7.0.1"
    },
    "mochawesome": {
      "options": {
        "quiet": false,
        "reportFilename": "report",
        "saveHtml": false,
        "saveJson": true,
        "consoleReporter": "spec",
        "useInlineDiffs": false,
        "code": true
      },
      "version": "6.2.1"
    },
    "marge": {
      "options": {
        "reportDir": "cypress/reports/mochawesome-report",
        "reportFilename": "report",
        "overwrite": false,
        "html": false,
        "json": true,
        "charts": false
      },
      "version": "5.1.0"
    }
  }
}